{"level":"info","message":"Unable to load connectors from /home/wwang/Dev/github/wilwang/qlioExample/connectors/","timestamp":"2013-08-08T14:20:29.853Z"}
{"level":"info","message":"Unable to load xformers from /home/wwang/Dev/github/wilwang/qlioExample/config/xformers.json","timestamp":"2013-08-08T14:20:29.854Z"}
{"level":"info","message":"Unable to load connectors from /home/wwang/Dev/github/wilwang/qlioExample/connectors/","timestamp":"2013-08-08T14:20:31.722Z"}
{"level":"info","message":"Unable to load xformers from /home/wwang/Dev/github/wilwang/qlioExample/config/xformers.json","timestamp":"2013-08-08T14:20:31.723Z"}
{"level":"info","message":"Unable to load connectors from /home/wwang/Dev/github/wilwang/qlioExample/connectors/","timestamp":"2013-08-08T15:13:21.974Z"}
{"level":"info","message":"Unable to load xformers from /home/wwang/Dev/github/wilwang/qlioExample/config/xformers.json","timestamp":"2013-08-08T15:13:21.979Z"}
{"level":"info","message":"Unable to load connectors from /home/wwang/Dev/github/wilwang/qlioExample/connectors/","timestamp":"2013-08-08T15:13:23.366Z"}
{"level":"info","message":"Unable to load xformers from /home/wwang/Dev/github/wilwang/qlioExample/config/xformers.json","timestamp":"2013-08-08T15:13:23.371Z"}
{"level":"info","message":"Unable to load connectors from /home/wwang/Dev/github/wilwang/qlioExample/connectors/","timestamp":"2013-08-08T15:21:56.331Z"}
{"level":"info","message":"Unable to load xformers from /home/wwang/Dev/github/wilwang/qlioExample/config/xformers.json","timestamp":"2013-08-08T15:21:56.336Z"}
{"level":"info","message":"Unable to load connectors from /home/wwang/Dev/github/wilwang/qlioExample/connectors/","timestamp":"2013-08-08T15:21:57.680Z"}
{"level":"info","message":"Unable to load xformers from /home/wwang/Dev/github/wilwang/qlioExample/config/xformers.json","timestamp":"2013-08-08T15:21:57.685Z"}
{"level":"warn","message":"{\"message\":\"config.maxResponseLength is undefined! Defaulting to 10000000\"}","timestamp":"2013-08-08T15:26:29.130Z"}
{"level":"info","message":"{\"message\":\"deflate stream corrupted\"}","timestamp":"2013-08-08T15:26:29.130Z"}
{"level":"info","message":{"uri":"http://bisapi08:5017/transactions/655305","status":502},"timestamp":"2013-08-08T15:26:29.130Z"}
{"level":"info","message":"{\"message\":\"deflate stream corrupted\"}","timestamp":"2013-08-08T15:26:56.296Z"}
{"level":"info","message":{"uri":"http://bisapi08:5017/transactions/655305","status":502},"timestamp":"2013-08-08T15:26:56.296Z"}
{"level":"info","message":"{\"message\":\"deflate stream corrupted\"}","timestamp":"2013-08-08T15:26:59.045Z"}
{"level":"info","message":{"uri":"http://bisapi08:5017/transactions/655305","status":502},"timestamp":"2013-08-08T15:26:59.046Z"}
{"level":"info","message":"{\"message\":\"deflate stream corrupted\"}","timestamp":"2013-08-08T15:28:56.214Z"}
{"level":"info","message":{"uri":"http://bisapi08:5011/components?TransactionIds=655305","status":502},"timestamp":"2013-08-08T15:28:56.215Z"}
{"level":"info","message":"{\"message\":\"deflate stream corrupted\"}","timestamp":"2013-08-08T15:29:05.051Z"}
{"level":"info","message":{"uri":"http://bisapi08:5011/components?TransactionIds=655305","status":502},"timestamp":"2013-08-08T15:29:05.051Z"}
{"level":"info","message":"{\"message\":\"deflate stream corrupted\"}","timestamp":"2013-08-08T15:29:07.876Z"}
{"level":"info","message":{"uri":"http://bisapi08:5011/components?TransactionIds=655305","status":502},"timestamp":"2013-08-08T15:29:07.876Z"}
{"level":"info","message":"Unable to load connectors from /home/wwang/Dev/github/wilwang/qlioExample/connectors/","timestamp":"2013-08-08T15:34:38.234Z"}
{"level":"info","message":"Unable to load xformers from /home/wwang/Dev/github/wilwang/qlioExample/config/xformers.json","timestamp":"2013-08-08T15:34:38.246Z"}
{"level":"info","message":"Unable to load connectors from /home/wwang/Dev/github/wilwang/qlioExample/connectors/","timestamp":"2013-08-08T15:34:39.607Z"}
{"level":"info","message":"Unable to load xformers from /home/wwang/Dev/github/wilwang/qlioExample/config/xformers.json","timestamp":"2013-08-08T15:34:39.619Z"}
{"level":"warn","message":"{\"message\":\"config.maxResponseLength is undefined! Defaulting to 10000000\"}","timestamp":"2013-08-08T15:36:37.121Z"}
{"level":"warn","message":"config.maxNestedRequests is undefined! Defaulting to 50","timestamp":"2013-08-08T15:36:37.269Z"}
{"level":"info","message":"{\"message\":\"deflate stream corrupted\"}","timestamp":"2013-08-08T15:38:09.128Z"}
{"level":"info","message":{"uri":"http://bisapi08:5017/transactions/655305","status":502},"timestamp":"2013-08-08T15:38:09.128Z"}
{"level":"info","message":"Unable to load connectors from /home/wwang/Dev/github/wilwang/qlioExample/connectors/","timestamp":"2013-08-08T15:39:53.208Z"}
{"level":"info","message":"Unable to load xformers from /home/wwang/Dev/github/wilwang/qlioExample/config/xformers.json","timestamp":"2013-08-08T15:39:53.221Z"}
{"level":"info","message":"Unable to load connectors from /home/wwang/Dev/github/wilwang/qlioExample/connectors/","timestamp":"2013-08-08T15:39:54.574Z"}
{"level":"info","message":"Unable to load xformers from /home/wwang/Dev/github/wilwang/qlioExample/config/xformers.json","timestamp":"2013-08-08T15:39:54.586Z"}
{"level":"warn","message":"{\"message\":\"config.maxResponseLength is undefined! Defaulting to 10000000\"}","timestamp":"2013-08-08T15:39:57.365Z"}
{"level":"info","message":"{\"message\":\"deflate stream corrupted\"}","timestamp":"2013-08-08T15:39:57.366Z"}
{"level":"info","message":{"uri":"http://bisapi08:5017/transactions?TransactionnIds=655305","status":502},"timestamp":"2013-08-08T15:39:57.366Z"}
{"level":"info","message":{"error":"Token tranid not specified. Processed http://bisapi08:5017/transactions?TransactionnIds="},"timestamp":"2013-08-08T15:43:22.767Z"}
{"level":"info","message":"Unable to load connectors from /home/wwang/Dev/github/wilwang/qlioExample/connectors/","timestamp":"2013-08-08T15:43:34.108Z"}
{"level":"info","message":"Unable to load xformers from /home/wwang/Dev/github/wilwang/qlioExample/config/xformers.json","timestamp":"2013-08-08T15:43:34.124Z"}
{"level":"info","message":"Unable to load connectors from /home/wwang/Dev/github/wilwang/qlioExample/connectors/","timestamp":"2013-08-08T15:43:35.513Z"}
{"level":"info","message":"Unable to load xformers from /home/wwang/Dev/github/wilwang/qlioExample/config/xformers.json","timestamp":"2013-08-08T15:43:35.526Z"}
{"level":"info","message":{"error":"Token tranid not specified. Processed http://bisapi08:5017/transactions?TransactionIds="},"timestamp":"2013-08-08T15:43:39.381Z"}
{"level":"info","message":"Unable to load connectors from /home/wwang/Dev/github/wilwang/qlioExample/connectors/","timestamp":"2013-08-08T15:45:00.684Z"}
{"level":"info","message":"Unable to load xformers from /home/wwang/Dev/github/wilwang/qlioExample/config/xformers.json","timestamp":"2013-08-08T15:45:00.697Z"}
{"level":"info","message":"Unable to load connectors from /home/wwang/Dev/github/wilwang/qlioExample/connectors/","timestamp":"2013-08-08T15:45:02.024Z"}
{"level":"info","message":"Unable to load xformers from /home/wwang/Dev/github/wilwang/qlioExample/config/xformers.json","timestamp":"2013-08-08T15:45:02.037Z"}
{"level":"warn","message":"{\"message\":\"config.maxResponseLength is undefined! Defaulting to 10000000\"}","timestamp":"2013-08-08T15:45:10.121Z"}
{"level":"info","message":"{\"message\":\"deflate stream corrupted\"}","timestamp":"2013-08-08T15:45:10.121Z"}
{"level":"info","message":{"uri":"http://bisapi08:5017/transactions?TransactionIds=655305","status":502},"timestamp":"2013-08-08T15:45:10.121Z"}
{"level":"info","message":"Unable to load connectors from /home/wwang/Dev/github/wilwang/qlioExample/connectors/","timestamp":"2013-08-08T15:45:35.838Z"}
{"level":"info","message":"Unable to load xformers from /home/wwang/Dev/github/wilwang/qlioExample/config/xformers.json","timestamp":"2013-08-08T15:45:35.851Z"}
{"level":"info","message":"Unable to load connectors from /home/wwang/Dev/github/wilwang/qlioExample/connectors/","timestamp":"2013-08-08T15:45:37.264Z"}
{"level":"info","message":"Unable to load xformers from /home/wwang/Dev/github/wilwang/qlioExample/config/xformers.json","timestamp":"2013-08-08T15:45:37.276Z"}
{"level":"warn","message":"{\"message\":\"config.maxResponseLength is undefined! Defaulting to 10000000\"}","timestamp":"2013-08-08T15:45:40.600Z"}
{"level":"info","message":"{\"message\":\"deflate stream corrupted\"}","timestamp":"2013-08-08T15:45:40.600Z"}
{"level":"info","message":{"uri":"http://bisapi08:5017/transactions/655305","status":502},"timestamp":"2013-08-08T15:45:40.600Z"}
{"level":"info","message":"{\"message\":\"deflate stream corrupted\"}","timestamp":"2013-08-08T15:45:58.304Z"}
{"level":"info","message":{"uri":"http://bisapi08:5017/transactions/","status":502},"timestamp":"2013-08-08T15:45:58.304Z"}
{"level":"info","message":"Unable to load connectors from /home/wwang/Dev/github/wilwang/qlioExample/connectors/","timestamp":"2013-08-08T15:46:18.602Z"}
{"level":"info","message":"Unable to load xformers from /home/wwang/Dev/github/wilwang/qlioExample/config/xformers.json","timestamp":"2013-08-08T15:46:18.614Z"}
{"level":"info","message":"Unable to load connectors from /home/wwang/Dev/github/wilwang/qlioExample/connectors/","timestamp":"2013-08-08T15:46:20.017Z"}
{"level":"info","message":"Unable to load xformers from /home/wwang/Dev/github/wilwang/qlioExample/config/xformers.json","timestamp":"2013-08-08T15:46:20.029Z"}
{"level":"warn","message":"{\"message\":\"config.maxResponseLength is undefined! Defaulting to 10000000\"}","timestamp":"2013-08-08T15:46:23.184Z"}
{"level":"info","message":"{\"message\":\"deflate stream corrupted\"}","timestamp":"2013-08-08T15:46:23.184Z"}
{"level":"info","message":{"uri":"http://bisapi08:5017/transactions/655305","status":502},"timestamp":"2013-08-08T15:46:23.184Z"}
{"level":"info","message":"Unable to load connectors from /home/wwang/Dev/github/wilwang/qlioExample/connectors/","timestamp":"2013-08-08T15:47:00.270Z"}
{"level":"info","message":"Unable to load xformers from /home/wwang/Dev/github/wilwang/qlioExample/config/xformers.json","timestamp":"2013-08-08T15:47:00.283Z"}
{"level":"info","message":"Unable to load connectors from /home/wwang/Dev/github/wilwang/qlioExample/connectors/","timestamp":"2013-08-08T15:47:01.818Z"}
{"level":"info","message":"Unable to load xformers from /home/wwang/Dev/github/wilwang/qlioExample/config/xformers.json","timestamp":"2013-08-08T15:47:01.830Z"}
{"level":"warn","message":"{\"message\":\"config.maxResponseLength is undefined! Defaulting to 10000000\"}","timestamp":"2013-08-08T15:47:03.330Z"}
{"level":"info","message":{"headers":{"content-type":"application/json"},"body":{"ResponseStatus":{"ErrorCode":"RequestBindingException","Message":"Unable to bind request","StackTrace":"   at ServiceStack.WebHost.Endpoints.RestHandler.GetRequest(IHttpRequest httpReq, IRestPath restPath)\r\n   at ServiceStack.WebHost.Endpoints.RestHandler.ProcessRequest(IHttpRequest httpReq, IHttpResponse httpRes, String operationName)"}}},"timestamp":"2013-08-08T15:47:03.331Z"}
{"level":"info","message":{"headers":{"content-type":"application/json"},"body":{"ResponseStatus":{"ErrorCode":"RequestBindingException","Message":"Unable to bind request","StackTrace":"   at ServiceStack.WebHost.Endpoints.RestHandler.GetRequest(IHttpRequest httpReq, IRestPath restPath)\r\n   at ServiceStack.WebHost.Endpoints.RestHandler.ProcessRequest(IHttpRequest httpReq, IHttpResponse httpRes, String operationName)"}}},"timestamp":"2013-08-08T15:47:31.970Z"}
{"level":"info","message":{"headers":{"content-type":"application/json"},"body":{"ResponseStatus":{"ErrorCode":"RequestBindingException","Message":"Unable to bind request","StackTrace":"   at ServiceStack.WebHost.Endpoints.RestHandler.GetRequest(IHttpRequest httpReq, IRestPath restPath)\r\n   at ServiceStack.WebHost.Endpoints.RestHandler.ProcessRequest(IHttpRequest httpReq, IHttpResponse httpRes, String operationName)"}}},"timestamp":"2013-08-08T15:47:55.596Z"}
{"level":"info","message":"Unable to load connectors from /home/wwang/Dev/github/wilwang/qlioExample/connectors/","timestamp":"2013-08-08T15:48:39.259Z"}
{"level":"info","message":"Unable to load xformers from /home/wwang/Dev/github/wilwang/qlioExample/config/xformers.json","timestamp":"2013-08-08T15:48:39.271Z"}
{"level":"info","message":"Unable to load connectors from /home/wwang/Dev/github/wilwang/qlioExample/connectors/","timestamp":"2013-08-08T15:48:40.683Z"}
{"level":"info","message":"Unable to load xformers from /home/wwang/Dev/github/wilwang/qlioExample/config/xformers.json","timestamp":"2013-08-08T15:48:40.695Z"}
{"level":"warn","message":"{\"message\":\"config.maxResponseLength is undefined! Defaulting to 10000000\"}","timestamp":"2013-08-08T15:48:55.610Z"}
{"level":"info","message":"{\"message\":\"deflate stream corrupted\"}","timestamp":"2013-08-08T15:48:55.610Z"}
{"level":"info","message":{"uri":"http://bisapi08:5011/components?TransactionIds=655305&format=json","status":502},"timestamp":"2013-08-08T15:48:55.610Z"}
{"level":"info","message":"{\"message\":\"deflate stream corrupted\"}","timestamp":"2013-08-08T15:49:13.391Z"}
{"level":"info","message":{"uri":"http://bisapi08:5011/components?TransactionIds=&format=json","status":502},"timestamp":"2013-08-08T15:49:13.391Z"}
{"level":"info","message":"{\"message\":\"deflate stream corrupted\"}","timestamp":"2013-08-08T15:49:16.349Z"}
{"level":"info","message":{"uri":"http://bisapi08:5011/components?TransactionIds=&format=json","status":502},"timestamp":"2013-08-08T15:49:16.349Z"}
{"level":"info","message":"{\"message\":\"deflate stream corrupted\"}","timestamp":"2013-08-08T15:49:28.672Z"}
{"level":"info","message":{"uri":"http://bisapi08:5011/components?TransactionIds=&format=json","status":502},"timestamp":"2013-08-08T15:49:28.672Z"}
{"level":"info","message":"Unable to load connectors from /home/wwang/Dev/github/wilwang/qlioExample/connectors/","timestamp":"2013-08-08T15:51:00.180Z"}
{"level":"info","message":"Unable to load xformers from /home/wwang/Dev/github/wilwang/qlioExample/config/xformers.json","timestamp":"2013-08-08T15:51:00.192Z"}
{"level":"info","message":"Unable to load connectors from /home/wwang/Dev/github/wilwang/qlioExample/connectors/","timestamp":"2013-08-08T15:51:01.597Z"}
{"level":"info","message":"Unable to load xformers from /home/wwang/Dev/github/wilwang/qlioExample/config/xformers.json","timestamp":"2013-08-08T15:51:01.609Z"}
{"level":"warn","message":"{\"message\":\"config.maxResponseLength is undefined! Defaulting to 10000000\"}","timestamp":"2013-08-08T15:51:07.853Z"}
{"level":"info","message":"{\"message\":\"deflate stream corrupted\"}","timestamp":"2013-08-08T15:51:07.853Z"}
{"level":"info","message":{"uri":"http://bisapi08:5011/components?TransactionIds=655305&format=json","status":502},"timestamp":"2013-08-08T15:51:07.853Z"}
{"level":"info","message":"{\"message\":\"deflate stream corrupted\"}","timestamp":"2013-08-08T15:51:12.028Z"}
{"level":"info","message":{"uri":"http://bisapi08:5011/components?TransactionIds=655305&format=json","status":502},"timestamp":"2013-08-08T15:51:12.028Z"}
{"level":"info","message":{"headers":{"content-type":"application/json"},"body":{"ResponseStatus":{"ErrorCode":"RequestBindingException","Message":"Unable to bind request","StackTrace":"   at ServiceStack.WebHost.Endpoints.RestHandler.GetRequest(IHttpRequest httpReq, IRestPath restPath)\r\n   at ServiceStack.WebHost.Endpoints.RestHandler.ProcessRequest(IHttpRequest httpReq, IHttpResponse httpRes, String operationName)"}}},"timestamp":"2013-08-08T15:51:31.597Z"}
{"level":"info","message":{"headers":{"content-type":"application/json"},"body":{"ResponseStatus":{"ErrorCode":"RequestBindingException","Message":"Unable to bind request","StackTrace":"   at ServiceStack.WebHost.Endpoints.RestHandler.GetRequest(IHttpRequest httpReq, IRestPath restPath)\r\n   at ServiceStack.WebHost.Endpoints.RestHandler.ProcessRequest(IHttpRequest httpReq, IHttpResponse httpRes, String operationName)"}}},"timestamp":"2013-08-08T15:51:43.869Z"}
{"level":"info","message":{"headers":{"content-type":"application/json"},"body":{"ResponseStatus":{"ErrorCode":"RequestBindingException","Message":"Unable to bind request","StackTrace":"   at ServiceStack.WebHost.Endpoints.RestHandler.GetRequest(IHttpRequest httpReq, IRestPath restPath)\r\n   at ServiceStack.WebHost.Endpoints.RestHandler.ProcessRequest(IHttpRequest httpReq, IHttpResponse httpRes, String operationName)"}}},"timestamp":"2013-08-08T15:52:01.779Z"}
{"level":"info","message":"{\"message\":\"deflate stream corrupted\"}","timestamp":"2013-08-08T15:52:19.953Z"}
{"level":"info","message":{"uri":"http://bisapi08:5011/components?TransactionIds=655305&format=json","status":502},"timestamp":"2013-08-08T15:52:19.953Z"}
{"level":"info","message":{"headers":{"content-type":"application/json"},"body":{"ResponseStatus":{"ErrorCode":"RequestBindingException","Message":"Unable to bind request","StackTrace":"   at ServiceStack.WebHost.Endpoints.RestHandler.GetRequest(IHttpRequest httpReq, IRestPath restPath)\r\n   at ServiceStack.WebHost.Endpoints.RestHandler.ProcessRequest(IHttpRequest httpReq, IHttpResponse httpRes, String operationName)"}}},"timestamp":"2013-08-08T16:39:51.639Z"}
{"level":"info","message":"Unable to load connectors from /home/wwang/Dev/github/wilwang/qlioExample/connectors/","timestamp":"2013-08-08T16:48:44.615Z"}
{"level":"info","message":"Unable to load xformers from /home/wwang/Dev/github/wilwang/qlioExample/config/xformers.json","timestamp":"2013-08-08T16:48:44.629Z"}
{"level":"info","message":"Unable to load connectors from /home/wwang/Dev/github/wilwang/qlioExample/connectors/","timestamp":"2013-08-08T16:48:46.153Z"}
{"level":"info","message":"Unable to load xformers from /home/wwang/Dev/github/wilwang/qlioExample/config/xformers.json","timestamp":"2013-08-08T16:48:46.165Z"}
{"level":"warn","message":"{\"message\":\"config.maxResponseLength is undefined! Defaulting to 10000000\"}","timestamp":"2013-08-08T16:48:49.180Z"}
{"level":"info","message":"{\"message\":\"deflate stream corrupted\"}","timestamp":"2013-08-08T16:48:49.181Z"}
{"level":"info","message":{"uri":"http://bisapi08:5017/transactions?TransactionIds=655305&format=json","status":502},"timestamp":"2013-08-08T16:48:49.181Z"}
{"level":"info","message":"{\"message\":\"deflate stream corrupted\"}","timestamp":"2013-08-08T16:52:23.322Z"}
{"level":"info","message":{"uri":"http://bisapi08:5017/transactions?TransactionIds=655305&format=json","status":502},"timestamp":"2013-08-08T16:52:23.322Z"}
{"level":"info","message":"{\"message\":\"deflate stream corrupted\"}","timestamp":"2013-08-08T16:52:26.231Z"}
{"level":"info","message":{"uri":"http://bisapi08:5017/transactions?TransactionIds=655305&format=json","status":502},"timestamp":"2013-08-08T16:52:26.231Z"}
{"level":"info","message":"{\"message\":\"deflate stream corrupted\"}","timestamp":"2013-08-08T16:58:56.315Z"}
{"level":"info","message":{"uri":"http://bisapi08:5017/transactions?TransactionIds=655305&format=json","status":502},"timestamp":"2013-08-08T16:58:56.315Z"}
{"level":"info","message":"Unable to load connectors from /home/wwang/Dev/github/wilwang/qlioExample/connectors/","timestamp":"2013-08-08T17:57:02.146Z"}
{"level":"info","message":"Unable to load xformers from /home/wwang/Dev/github/wilwang/qlioExample/config/xformers.json","timestamp":"2013-08-08T17:57:02.159Z"}
{"level":"info","message":"Unable to load connectors from /home/wwang/Dev/github/wilwang/qlioExample/connectors/","timestamp":"2013-08-08T17:57:03.620Z"}
{"level":"info","message":"Unable to load xformers from /home/wwang/Dev/github/wilwang/qlioExample/config/xformers.json","timestamp":"2013-08-08T17:57:03.633Z"}
{"level":"warn","message":"{\"message\":\"config.maxResponseLength is undefined! Defaulting to 10000000\"}","timestamp":"2013-08-08T17:57:15.234Z"}
{"level":"info","message":"Unable to load connectors from /home/wwang/Dev/github/wilwang/qlioExample/connectors/","timestamp":"2013-08-08T17:58:46.174Z"}
{"level":"info","message":"Unable to load xformers from /home/wwang/Dev/github/wilwang/qlioExample/config/xformers.json","timestamp":"2013-08-08T17:58:46.186Z"}
{"level":"info","message":"Unable to load connectors from /home/wwang/Dev/github/wilwang/qlioExample/connectors/","timestamp":"2013-08-08T17:58:47.602Z"}
{"level":"info","message":"Unable to load xformers from /home/wwang/Dev/github/wilwang/qlioExample/config/xformers.json","timestamp":"2013-08-08T17:58:47.614Z"}
{"level":"warn","message":"{\"message\":\"config.maxResponseLength is undefined! Defaulting to 10000000\"}","timestamp":"2013-08-08T17:58:50.535Z"}
{"level":"info","message":"Unable to load connectors from /home/wwang/Dev/github/wilwang/qlioExample/connectors/","timestamp":"2013-08-08T17:59:24.845Z"}
{"level":"info","message":"Unable to load xformers from /home/wwang/Dev/github/wilwang/qlioExample/config/xformers.json","timestamp":"2013-08-08T17:59:24.857Z"}
{"level":"info","message":"Unable to load connectors from /home/wwang/Dev/github/wilwang/qlioExample/connectors/","timestamp":"2013-08-08T17:59:26.253Z"}
{"level":"info","message":"Unable to load xformers from /home/wwang/Dev/github/wilwang/qlioExample/config/xformers.json","timestamp":"2013-08-08T17:59:26.265Z"}
{"level":"warn","message":"{\"message\":\"config.maxResponseLength is undefined! Defaulting to 10000000\"}","timestamp":"2013-08-08T17:59:27.341Z"}
{"level":"info","message":"Unable to load connectors from /home/wwang/Dev/github/wilwang/qlioExample/connectors/","timestamp":"2013-08-08T18:08:07.737Z"}
{"level":"info","message":"Unable to load xformers from /home/wwang/Dev/github/wilwang/qlioExample/config/xformers.json","timestamp":"2013-08-08T18:08:07.751Z"}
{"level":"info","message":"Unable to load connectors from /home/wwang/Dev/github/wilwang/qlioExample/connectors/","timestamp":"2013-08-08T18:08:09.181Z"}
{"level":"info","message":"Unable to load xformers from /home/wwang/Dev/github/wilwang/qlioExample/config/xformers.json","timestamp":"2013-08-08T18:08:09.194Z"}
{"level":"info","message":"No such table chatham.transactioooooooooon","timestamp":"2013-08-08T18:08:18.251Z"}
{"level":"info","message":"No such table chatham.transactioooooooooon","timestamp":"2013-08-08T18:08:18.253Z"}
{"level":"info","message":"No such table chatham.transactioooooooooon","timestamp":"2013-08-08T18:08:18.253Z"}
{"level":"info","message":"No such table chatham.transactioooooooooon","timestamp":"2013-08-08T18:08:18.253Z"}
{"level":"warn","message":"{\"message\":\"config.maxResponseLength is undefined! Defaulting to 10000000\"}","timestamp":"2013-08-08T18:08:28.877Z"}
{"level":"info","message":"{\"message\":\"deflate stream corrupted\"}","timestamp":"2013-08-08T18:08:28.878Z"}
{"level":"info","message":{"uri":"http://bisapi08:5017/transactions/655305","status":502},"timestamp":"2013-08-08T18:08:28.878Z"}
{"level":"info","message":"Unable to load connectors from /home/wwang/Dev/github/wilwang/qlioExample/connectors/","timestamp":"2013-08-08T18:08:51.950Z"}
{"level":"info","message":"Unable to load xformers from /home/wwang/Dev/github/wilwang/qlioExample/config/xformers.json","timestamp":"2013-08-08T18:08:51.963Z"}
{"level":"info","message":"Unable to load connectors from /home/wwang/Dev/github/wilwang/qlioExample/connectors/","timestamp":"2013-08-08T18:08:53.366Z"}
{"level":"info","message":"Unable to load xformers from /home/wwang/Dev/github/wilwang/qlioExample/config/xformers.json","timestamp":"2013-08-08T18:08:53.379Z"}
{"level":"warn","message":"{\"message\":\"config.maxResponseLength is undefined! Defaulting to 10000000\"}","timestamp":"2013-08-08T18:08:55.841Z"}
{"level":"info","message":{"headers":{"content-type":"application/json"},"body":{"ResponseStatus":{"ErrorCode":"RequestBindingException","Message":"Unable to bind request","StackTrace":"   at ServiceStack.WebHost.Endpoints.RestHandler.GetRequest(IHttpRequest httpReq, IRestPath restPath)\r\n   at ServiceStack.WebHost.Endpoints.RestHandler.ProcessRequest(IHttpRequest httpReq, IHttpResponse httpRes, String operationName)"}}},"timestamp":"2013-08-08T18:08:55.842Z"}
{"level":"info","message":"Unable to load connectors from /home/wwang/Dev/github/wilwang/qlioExample/connectors/","timestamp":"2013-08-08T18:09:23.954Z"}
{"level":"info","message":"Unable to load xformers from /home/wwang/Dev/github/wilwang/qlioExample/config/xformers.json","timestamp":"2013-08-08T18:09:23.968Z"}
{"level":"info","message":"Unable to load connectors from /home/wwang/Dev/github/wilwang/qlioExample/connectors/","timestamp":"2013-08-08T18:09:25.294Z"}
{"level":"info","message":"Unable to load xformers from /home/wwang/Dev/github/wilwang/qlioExample/config/xformers.json","timestamp":"2013-08-08T18:09:25.307Z"}
{"level":"info","message":{"error":"Token id not specified. Processed http://localhost:4000/transactions/"},"timestamp":"2013-08-08T18:09:36.988Z"}
{"level":"warn","message":"{\"message\":\"config.maxResponseLength is undefined! Defaulting to 10000000\"}","timestamp":"2013-08-08T18:09:53.379Z"}
{"level":"info","message":"Unable to load connectors from /home/wwang/Dev/github/wilwang/qlioExample/connectors/","timestamp":"2013-08-08T18:11:32.665Z"}
{"level":"info","message":"Unable to load xformers from /home/wwang/Dev/github/wilwang/qlioExample/config/xformers.json","timestamp":"2013-08-08T18:11:32.679Z"}
{"level":"info","message":"Unable to load connectors from /home/wwang/Dev/github/wilwang/qlioExample/connectors/","timestamp":"2013-08-08T18:11:34.029Z"}
{"level":"info","message":"Unable to load xformers from /home/wwang/Dev/github/wilwang/qlioExample/config/xformers.json","timestamp":"2013-08-08T18:11:34.043Z"}
{"level":"warn","message":"{\"message\":\"config.maxResponseLength is undefined! Defaulting to 10000000\"}","timestamp":"2013-08-08T18:12:13.529Z"}
{"level":"info","message":"Unable to load connectors from /home/wwang/Dev/github/wilwang/qlioExample/connectors/","timestamp":"2013-08-08T18:38:24.579Z"}
{"level":"info","message":"Unable to load xformers from /home/wwang/Dev/github/wilwang/qlioExample/config/xformers.json","timestamp":"2013-08-08T18:38:24.593Z"}
{"level":"info","message":"Unable to load connectors from /home/wwang/Dev/github/wilwang/qlioExample/connectors/","timestamp":"2013-08-08T18:38:26.020Z"}
{"level":"info","message":"Unable to load xformers from /home/wwang/Dev/github/wilwang/qlioExample/config/xformers.json","timestamp":"2013-08-08T18:38:26.035Z"}
{"level":"warn","message":"{\"message\":\"config.maxResponseLength is undefined! Defaulting to 10000000\"}","timestamp":"2013-08-08T18:39:17.554Z"}
{"level":"info","message":{"headers":{"content-type":"application/json"},"body":{"code":"ResourceNotFound","message":"/transactiondata/435212 does not exist"}},"timestamp":"2013-08-08T18:39:17.559Z"}
{"level":"info","message":"Unable to load connectors from /home/wwang/Dev/github/wilwang/qlioExample/connectors/","timestamp":"2013-08-08T18:39:44.718Z"}
{"level":"info","message":"Unable to load xformers from /home/wwang/Dev/github/wilwang/qlioExample/config/xformers.json","timestamp":"2013-08-08T18:39:44.732Z"}
{"level":"info","message":"Unable to load connectors from /home/wwang/Dev/github/wilwang/qlioExample/connectors/","timestamp":"2013-08-08T18:39:46.124Z"}
{"level":"info","message":"Unable to load xformers from /home/wwang/Dev/github/wilwang/qlioExample/config/xformers.json","timestamp":"2013-08-08T18:39:46.139Z"}
{"level":"warn","message":"{\"message\":\"config.maxResponseLength is undefined! Defaulting to 10000000\"}","timestamp":"2013-08-08T18:39:48.377Z"}
{"level":"info","message":{"error":"Token tqid not specified. Processed http://localhost:4000/transactiondata?tqid="},"timestamp":"2013-08-08T18:42:50.054Z"}
{"level":"info","message":{"error":"Token tqid not specified. Processed http://localhost:4000/transactiondata?tqid="},"timestamp":"2013-08-08T18:43:05.479Z"}
{"level":"info","message":{"error":"Token tqid not specified. Processed http://localhost:4000/transactiondata?tqid="},"timestamp":"2013-08-08T18:43:12.218Z"}
{"level":"warn","message":"config.maxNestedRequests is undefined! Defaulting to 50","timestamp":"2013-08-08T18:51:25.744Z"}
{"level":"info","message":{"error":"Token transid not specified. Processed http://localhost:4000/componentdata?transid="},"timestamp":"2013-08-08T18:51:25.744Z"}
{"level":"info","message":{"headers":{"content-type":"application/json"},"body":{"code":"InternalError","message":"Unexpected token <"}},"timestamp":"2013-08-08T18:51:45.610Z"}
{"level":"info","message":{"error":"Token transid not specified. Processed http://localhost:4000/componentdata?transid="},"timestamp":"2013-08-08T18:52:25.835Z"}
{"level":"info","message":{"headers":{"content-type":"application/json"},"body":{"code":"InternalError","message":"Unexpected token <"}},"timestamp":"2013-08-08T18:52:39.931Z"}
{"level":"info","message":{"headers":{"content-type":"application/json"},"body":{"code":"InternalError","message":"Unexpected token <"}},"timestamp":"2013-08-08T18:54:18.507Z"}
{"level":"info","message":{"error":"Token transid not specified. Processed http://localhost:4000/componentdata?transid="},"timestamp":"2013-08-08T18:56:42.930Z"}
{"level":"info","message":"Unable to load connectors from /home/wwang/Dev/github/wilwang/qlioExample/connectors/","timestamp":"2013-08-08T19:06:04.831Z"}
{"level":"warn","message":"Error loading route /home/wwang/Dev/github/wilwang/qlioExample/routes/transactionComponent.ql","timestamp":"2013-08-08T19:06:04.849Z"}
{"level":"warn","message":{"name":"SyntaxError","expected":["\"'\"","\"\\\"\"","[ ]","[0-9]","[\\n\\r\\u2028\\u2029]","[\\t]","[a-zA-Z$:]"],"found":"{","message":"Expected \"'\", \"\\\"\", [ ], [0-9], [\\n\\r\\u2028\\u2029], [\\t] or [a-zA-Z$:] but \"{\" found.","offset":336,"line":11,"column":12},"timestamp":"2013-08-08T19:06:04.849Z"}
{"level":"info","message":"Unable to load xformers from /home/wwang/Dev/github/wilwang/qlioExample/config/xformers.json","timestamp":"2013-08-08T19:06:04.850Z"}
{"level":"info","message":"Unable to load connectors from /home/wwang/Dev/github/wilwang/qlioExample/connectors/","timestamp":"2013-08-08T19:06:06.248Z"}
{"level":"warn","message":"Error loading route /home/wwang/Dev/github/wilwang/qlioExample/routes/transactionComponent.ql","timestamp":"2013-08-08T19:06:06.266Z"}
{"level":"warn","message":{"name":"SyntaxError","expected":["\"'\"","\"\\\"\"","[ ]","[0-9]","[\\n\\r\\u2028\\u2029]","[\\t]","[a-zA-Z$:]"],"found":"{","message":"Expected \"'\", \"\\\"\", [ ], [0-9], [\\n\\r\\u2028\\u2029], [\\t] or [a-zA-Z$:] but \"{\" found.","offset":336,"line":11,"column":12},"timestamp":"2013-08-08T19:06:06.266Z"}
{"level":"info","message":"Unable to load xformers from /home/wwang/Dev/github/wilwang/qlioExample/config/xformers.json","timestamp":"2013-08-08T19:06:06.267Z"}
{"level":"info","message":"Unable to load connectors from /home/wwang/Dev/github/wilwang/qlioExample/connectors/","timestamp":"2013-08-08T19:07:29.425Z"}
{"level":"warn","message":"Error loading route /home/wwang/Dev/github/wilwang/qlioExample/routes/transactionComponent.ql","timestamp":"2013-08-08T19:07:29.442Z"}
{"level":"warn","message":{"name":"SyntaxError","expected":["\"(\"","\"=\"","[ ]","[\\n\\r\\u2028\\u2029]","[\\t]"],"found":"r","message":"Expected \"(\", \"=\", [ ], [\\n\\r\\u2028\\u2029] or [\\t] but \"r\" found.","offset":347,"line":12,"column":5},"timestamp":"2013-08-08T19:07:29.442Z"}
{"level":"info","message":"Unable to load xformers from /home/wwang/Dev/github/wilwang/qlioExample/config/xformers.json","timestamp":"2013-08-08T19:07:29.443Z"}
{"level":"info","message":"Unable to load connectors from /home/wwang/Dev/github/wilwang/qlioExample/connectors/","timestamp":"2013-08-08T19:07:30.868Z"}
{"level":"warn","message":"Error loading route /home/wwang/Dev/github/wilwang/qlioExample/routes/transactionComponent.ql","timestamp":"2013-08-08T19:07:30.885Z"}
{"level":"warn","message":{"name":"SyntaxError","expected":["\"(\"","\"=\"","[ ]","[\\n\\r\\u2028\\u2029]","[\\t]"],"found":"r","message":"Expected \"(\", \"=\", [ ], [\\n\\r\\u2028\\u2029] or [\\t] but \"r\" found.","offset":347,"line":12,"column":5},"timestamp":"2013-08-08T19:07:30.885Z"}
{"level":"info","message":"Unable to load xformers from /home/wwang/Dev/github/wilwang/qlioExample/config/xformers.json","timestamp":"2013-08-08T19:07:30.886Z"}
{"level":"info","message":"Unable to load connectors from /home/wwang/Dev/github/wilwang/qlioExample/connectors/","timestamp":"2013-08-08T19:09:00.744Z"}
{"level":"warn","message":"Error loading route /home/wwang/Dev/github/wilwang/qlioExample/routes/transactioncomponent.ql","timestamp":"2013-08-08T19:09:00.762Z"}
{"level":"warn","message":{"name":"SyntaxError","expected":["\"(\"","\"=\"","[ ]","[\\n\\r\\u2028\\u2029]","[\\t]"],"found":"r","message":"Expected \"(\", \"=\", [ ], [\\n\\r\\u2028\\u2029] or [\\t] but \"r\" found.","offset":347,"line":12,"column":5},"timestamp":"2013-08-08T19:09:00.762Z"}
{"level":"info","message":"Unable to load xformers from /home/wwang/Dev/github/wilwang/qlioExample/config/xformers.json","timestamp":"2013-08-08T19:09:00.762Z"}
{"level":"info","message":"Unable to load connectors from /home/wwang/Dev/github/wilwang/qlioExample/connectors/","timestamp":"2013-08-08T19:09:02.132Z"}
{"level":"warn","message":"Error loading route /home/wwang/Dev/github/wilwang/qlioExample/routes/transactioncomponent.ql","timestamp":"2013-08-08T19:09:02.149Z"}
{"level":"warn","message":{"name":"SyntaxError","expected":["\"(\"","\"=\"","[ ]","[\\n\\r\\u2028\\u2029]","[\\t]"],"found":"r","message":"Expected \"(\", \"=\", [ ], [\\n\\r\\u2028\\u2029] or [\\t] but \"r\" found.","offset":347,"line":12,"column":5},"timestamp":"2013-08-08T19:09:02.150Z"}
{"level":"info","message":"Unable to load xformers from /home/wwang/Dev/github/wilwang/qlioExample/config/xformers.json","timestamp":"2013-08-08T19:09:02.150Z"}
{"level":"info","message":"Unable to load connectors from /home/wwang/Dev/github/wilwang/qlioExample/connectors/","timestamp":"2013-08-08T19:09:34.622Z"}
{"level":"info","message":"Unable to load xformers from /home/wwang/Dev/github/wilwang/qlioExample/config/xformers.json","timestamp":"2013-08-08T19:09:34.640Z"}
{"level":"info","message":"Unable to load connectors from /home/wwang/Dev/github/wilwang/qlioExample/connectors/","timestamp":"2013-08-08T19:09:36.057Z"}
{"level":"info","message":"Unable to load xformers from /home/wwang/Dev/github/wilwang/qlioExample/config/xformers.json","timestamp":"2013-08-08T19:09:36.076Z"}
{"level":"warn","message":"{\"message\":\"config.maxResponseLength is undefined! Defaulting to 10000000\"}","timestamp":"2013-08-08T19:09:36.569Z"}
{"level":"warn","message":"config.maxNestedRequests is undefined! Defaulting to 50","timestamp":"2013-08-08T19:09:36.579Z"}
{"level":"info","message":"Unable to load connectors from /home/wwang/Dev/github/wilwang/qlioExample/connectors/","timestamp":"2013-08-08T19:09:53.860Z"}
{"level":"warn","message":"Error loading route /home/wwang/Dev/github/wilwang/qlioExample/routes/transactioncomponent.ql","timestamp":"2013-08-08T19:09:53.882Z"}
{"level":"warn","message":{"name":"SyntaxError","expected":["\"'\"","\"\\\"\"","[ ]","[0-9]","[\\n\\r\\u2028\\u2029]","[\\t]","[a-zA-Z$:]"],"found":"{","message":"Expected \"'\", \"\\\"\", [ ], [0-9], [\\n\\r\\u2028\\u2029], [\\t] or [a-zA-Z$:] but \"{\" found.","offset":343,"line":11,"column":12},"timestamp":"2013-08-08T19:09:53.882Z"}
{"level":"info","message":"Unable to load xformers from /home/wwang/Dev/github/wilwang/qlioExample/config/xformers.json","timestamp":"2013-08-08T19:09:53.883Z"}
{"level":"info","message":"Unable to load connectors from /home/wwang/Dev/github/wilwang/qlioExample/connectors/","timestamp":"2013-08-08T19:09:55.302Z"}
{"level":"warn","message":"Error loading route /home/wwang/Dev/github/wilwang/qlioExample/routes/transactioncomponent.ql","timestamp":"2013-08-08T19:09:55.320Z"}
{"level":"warn","message":{"name":"SyntaxError","expected":["\"'\"","\"\\\"\"","[ ]","[0-9]","[\\n\\r\\u2028\\u2029]","[\\t]","[a-zA-Z$:]"],"found":"{","message":"Expected \"'\", \"\\\"\", [ ], [0-9], [\\n\\r\\u2028\\u2029], [\\t] or [a-zA-Z$:] but \"{\" found.","offset":343,"line":11,"column":12},"timestamp":"2013-08-08T19:09:55.320Z"}
{"level":"info","message":"Unable to load xformers from /home/wwang/Dev/github/wilwang/qlioExample/config/xformers.json","timestamp":"2013-08-08T19:09:55.321Z"}
{"level":"info","message":"Unable to load connectors from /home/wwang/Dev/github/wilwang/qlioExample/connectors/","timestamp":"2013-08-08T19:11:16.056Z"}
{"level":"warn","message":"Error loading route /home/wwang/Dev/github/wilwang/qlioExample/routes/transactioncomponent.ql","timestamp":"2013-08-08T19:11:16.073Z"}
{"level":"warn","message":{"name":"SyntaxError","expected":["\"'\"","\"\\\"\"","[ ]","[0-9]","[\\n\\r\\u2028\\u2029]","[\\t]","[a-zA-Z$:]"],"found":"{","message":"Expected \"'\", \"\\\"\", [ ], [0-9], [\\n\\r\\u2028\\u2029], [\\t] or [a-zA-Z$:] but \"{\" found.","offset":343,"line":11,"column":12},"timestamp":"2013-08-08T19:11:16.073Z"}
{"level":"info","message":"Unable to load xformers from /home/wwang/Dev/github/wilwang/qlioExample/config/xformers.json","timestamp":"2013-08-08T19:11:16.074Z"}
{"level":"info","message":"Unable to load connectors from /home/wwang/Dev/github/wilwang/qlioExample/connectors/","timestamp":"2013-08-08T19:11:17.517Z"}
{"level":"warn","message":"Error loading route /home/wwang/Dev/github/wilwang/qlioExample/routes/transactioncomponent.ql","timestamp":"2013-08-08T19:11:17.536Z"}
{"level":"warn","message":{"name":"SyntaxError","expected":["\"'\"","\"\\\"\"","[ ]","[0-9]","[\\n\\r\\u2028\\u2029]","[\\t]","[a-zA-Z$:]"],"found":"{","message":"Expected \"'\", \"\\\"\", [ ], [0-9], [\\n\\r\\u2028\\u2029], [\\t] or [a-zA-Z$:] but \"{\" found.","offset":343,"line":11,"column":12},"timestamp":"2013-08-08T19:11:17.536Z"}
{"level":"info","message":"Unable to load xformers from /home/wwang/Dev/github/wilwang/qlioExample/config/xformers.json","timestamp":"2013-08-08T19:11:17.537Z"}
{"level":"info","message":"Unable to load connectors from /home/wwang/Dev/github/wilwang/qlioExample/connectors/","timestamp":"2013-08-08T19:11:59.039Z"}
{"level":"info","message":"Unable to load xformers from /home/wwang/Dev/github/wilwang/qlioExample/config/xformers.json","timestamp":"2013-08-08T19:11:59.059Z"}
{"level":"info","message":"Unable to load connectors from /home/wwang/Dev/github/wilwang/qlioExample/connectors/","timestamp":"2013-08-08T19:12:00.501Z"}
{"level":"info","message":"Unable to load xformers from /home/wwang/Dev/github/wilwang/qlioExample/config/xformers.json","timestamp":"2013-08-08T19:12:00.520Z"}
{"level":"warn","message":"{\"message\":\"config.maxResponseLength is undefined! Defaulting to 10000000\"}","timestamp":"2013-08-08T19:12:03.845Z"}
{"level":"warn","message":"config.maxNestedRequests is undefined! Defaulting to 50","timestamp":"2013-08-08T19:12:03.850Z"}
{"level":"info","message":{"error":"Token ProductType not specified. Processed http://open.api.ebay.com/shopping?callname=FindProducts&appid=Qlio1a92e-fea5-485d-bcdb-1140ee96527&responseencoding=JSON&version=725&siteid=&ProductID.type="},"timestamp":"2013-08-08T19:20:32.594Z"}
{"level":"info","message":{"error":"Token ProductType not specified. Processed http://open.api.ebay.com/shopping?callname=FindProducts&appid=Qlio1a92e-fea5-485d-bcdb-1140ee96527&responseencoding=JSON&version=725&siteid=&ProductID.type="},"timestamp":"2013-08-08T19:20:47.633Z"}
{"level":"info","message":{"error":"Token ProductType not specified. Processed http://open.api.ebay.com/shopping?callname=FindProducts&appid=Qlio1a92e-fea5-485d-bcdb-1140ee96527&responseencoding=JSON&version=725&siteid=&ProductID.type="},"timestamp":"2013-08-08T20:36:47.284Z"}
{"level":"info","message":{"error":"Token ProductID not specified. Processed http://open.api.ebay.com/shopping?callname=FindProducts&appid=Qlio1a92e-fea5-485d-bcdb-1140ee96527&responseencoding=JSON&version=725&siteid=&ProductID.type=Reference&ProductID.Value="},"timestamp":"2013-08-08T20:37:05.508Z"}
{"level":"info","message":"Unable to load connectors from /home/wwang/Dev/github/wilwang/qlioExample/connectors/","timestamp":"2013-08-08T21:20:59.141Z"}
{"level":"info","message":"Unable to load xformers from /home/wwang/Dev/github/wilwang/qlioExample/config/xformers.json","timestamp":"2013-08-08T21:20:59.161Z"}
{"level":"info","message":"Unable to load connectors from /home/wwang/Dev/github/wilwang/qlioExample/connectors/","timestamp":"2013-08-08T21:21:00.670Z"}
{"level":"info","message":"Unable to load xformers from /home/wwang/Dev/github/wilwang/qlioExample/config/xformers.json","timestamp":"2013-08-08T21:21:00.689Z"}
{"level":"warn","message":"{\"message\":\"config.maxResponseLength is undefined! Defaulting to 10000000\"}","timestamp":"2013-08-08T21:21:07.706Z"}
{"level":"info","message":"Unable to load connectors from /home/wwang/Dev/github/wilwang/qlioExample/connectors/","timestamp":"2013-08-08T21:22:22.271Z"}
{"level":"info","message":"Unable to load xformers from /home/wwang/Dev/github/wilwang/qlioExample/config/xformers.json","timestamp":"2013-08-08T21:22:22.294Z"}
{"level":"info","message":"Unable to load connectors from /home/wwang/Dev/github/wilwang/qlioExample/connectors/","timestamp":"2013-08-08T21:22:23.663Z"}
{"level":"info","message":"Unable to load xformers from /home/wwang/Dev/github/wilwang/qlioExample/config/xformers.json","timestamp":"2013-08-08T21:22:23.682Z"}
{"level":"warn","message":"{\"message\":\"config.maxResponseLength is undefined! Defaulting to 10000000\"}","timestamp":"2013-08-08T21:22:25.818Z"}
{"level":"info","message":"Unable to load connectors from /home/wwang/Dev/github/wilwang/qlioExample/connectors/","timestamp":"2013-08-08T21:23:34.511Z"}
{"level":"info","message":"Unable to load xformers from /home/wwang/Dev/github/wilwang/qlioExample/config/xformers.json","timestamp":"2013-08-08T21:23:34.530Z"}
{"level":"info","message":"Unable to load connectors from /home/wwang/Dev/github/wilwang/qlioExample/connectors/","timestamp":"2013-08-08T21:23:35.926Z"}
{"level":"info","message":"Unable to load xformers from /home/wwang/Dev/github/wilwang/qlioExample/config/xformers.json","timestamp":"2013-08-08T21:23:35.987Z"}
{"level":"warn","message":"{\"message\":\"config.maxResponseLength is undefined! Defaulting to 10000000\"}","timestamp":"2013-08-08T21:23:37.490Z"}
{"level":"info","message":"Unable to load connectors from /home/wwang/Dev/github/wilwang/qlioExample/connectors/","timestamp":"2013-08-08T21:23:50.587Z"}
{"level":"info","message":"Unable to load xformers from /home/wwang/Dev/github/wilwang/qlioExample/config/xformers.json","timestamp":"2013-08-08T21:23:50.606Z"}
{"level":"info","message":"Unable to load connectors from /home/wwang/Dev/github/wilwang/qlioExample/connectors/","timestamp":"2013-08-08T21:23:52.332Z"}
{"level":"info","message":"Unable to load xformers from /home/wwang/Dev/github/wilwang/qlioExample/config/xformers.json","timestamp":"2013-08-08T21:23:52.364Z"}
{"level":"warn","message":"{\"message\":\"config.maxResponseLength is undefined! Defaulting to 10000000\"}","timestamp":"2013-08-08T21:23:54.470Z"}
{"level":"warn","message":"config.maxNestedRequests is undefined! Defaulting to 50","timestamp":"2013-08-09T17:52:36.018Z"}
{"level":"info","message":{"headers":{"content-type":"application/json"},"body":{"ResponseStatus":{"ErrorCode":"RequestBindingException","Message":"Unable to bind request","StackTrace":"   at ServiceStack.WebHost.Endpoints.RestHandler.GetRequest(IHttpRequest httpReq, IRestPath restPath)\r\n   at ServiceStack.WebHost.Endpoints.RestHandler.ProcessRequest(IHttpRequest httpReq, IHttpResponse httpRes, String operationName)"}}},"timestamp":"2013-08-09T17:59:54.336Z"}
